<?xml version="1.0" encoding="UTF-8"?>
<testsuite xmlns:xsi="http://www.w3.org/2001/XMLSchema-instance" xsi:noNamespaceSchemaLocation="https://maven.apache.org/surefire/maven-surefire-plugin/xsd/surefire-test-report.xsd" name="com.petsparadise.TestLoginModule" time="2.538" tests="1" errors="1" skipped="0" failures="0">
  <properties>
[...]
</properties>
  <testcase name="testGetPetDetails" classname="com.petsparadise.TestLoginModule" time="2.531">
    <error type="java.lang.NullPointerException">java.lang.NullPointerException
	at com.petsparadise.TestLoginModule.testGetPetDetails(TestLoginModule.java:31)
</error>
    <system-out><![CDATA[22:03:22.557 [main] DEBUG com.google.firebase.FirebaseApp - Starting the proactive token refresher
22:03:22.560 [main] DEBUG com.google.firebase.FirebaseApp - Scheduling next token refresh in 0 milliseconds
22:03:22.562 [firebase-scheduled-worker] DEBUG com.google.firebase.FirebaseApp - Refreshing OAuth2 credential
22:03:23.667 [firebase-scheduled-worker] DEBUG com.google.firebase.FirebaseApp - Scheduling next token refresh in 3298999 milliseconds
22:03:23.668 [firebase-database-worker] DEBUG com.google.firebase.database.connection.PersistentConnection - [pc_0] Scheduling connection attempt
22:03:23.668 [firebase-database-worker] DEBUG com.google.firebase.database.connection.util.RetryHelper - Scheduling retry in 0ms
22:03:23.688 [firebase-database-worker] DEBUG com.google.firebase.database.connection.PersistentConnection - [pc_0] Listening on products/pets (params: {})
22:03:23.689 [firebase-database-worker] DEBUG com.google.firebase.database.connection.PersistentConnection - [pc_0] Adding listen query: products/pets (params: {})
22:03:23.690 [firebase-database-worker] DEBUG com.google.firebase.database.connection.PersistentConnection - [pc_0] Trying to fetch auth token
22:03:23.744 [firebase-database-worker] DEBUG com.google.firebase.database.connection.PersistentConnection - [pc_0] Successfully fetched token, opening connection
22:03:23.765 [firebase-database-worker] DEBUG io.netty.util.internal.logging.InternalLoggerFactory - Using SLF4J as the default logging framework
22:03:23.766 [firebase-database-worker] DEBUG io.netty.util.internal.InternalThreadLocalMap - -Dio.netty.threadLocalMap.stringBuilder.initialSize: 1024
22:03:23.767 [firebase-database-worker] DEBUG io.netty.util.internal.InternalThreadLocalMap - -Dio.netty.threadLocalMap.stringBuilder.maxSize: 4096
22:03:23.785 [firebase-database-worker] DEBUG io.netty.util.internal.PlatformDependent0 - -Dio.netty.noUnsafe: false
22:03:23.786 [firebase-database-worker] DEBUG io.netty.util.internal.PlatformDependent0 - Java version: 11
22:03:23.787 [firebase-database-worker] DEBUG io.netty.util.internal.PlatformDependent0 - sun.misc.Unsafe.theUnsafe: available
22:03:23.788 [firebase-database-worker] DEBUG io.netty.util.internal.PlatformDependent0 - sun.misc.Unsafe.copyMemory: available
22:03:23.789 [firebase-database-worker] DEBUG io.netty.util.internal.PlatformDependent0 - java.nio.Buffer.address: available
22:03:23.790 [firebase-database-worker] DEBUG io.netty.util.internal.PlatformDependent0 - direct buffer constructor: unavailable: Reflective setAccessible(true) disabled
22:03:23.790 [firebase-database-worker] DEBUG io.netty.util.internal.PlatformDependent0 - java.nio.Bits.unaligned: available, true
22:03:23.792 [firebase-database-worker] DEBUG io.netty.util.internal.PlatformDependent0 - jdk.internal.misc.Unsafe.allocateUninitializedArray(int): unavailable: class io.netty.util.internal.PlatformDependent0$6 cannot access class jdk.internal.misc.Unsafe (in module java.base) because module java.base does not export jdk.internal.misc to unnamed module @627513fc
22:03:23.793 [firebase-database-worker] DEBUG io.netty.util.internal.PlatformDependent0 - java.nio.DirectByteBuffer.<init>(long, int): unavailable
22:03:23.794 [firebase-database-worker] DEBUG io.netty.util.internal.PlatformDependent - sun.misc.Unsafe: available
22:03:23.797 [firebase-database-worker] DEBUG io.netty.util.internal.PlatformDependent - maxDirectMemory: 2147483648 bytes (maybe)
22:03:23.797 [firebase-database-worker] DEBUG io.netty.util.internal.PlatformDependent - -Dio.netty.tmpdir: /var/folders/8d/93pbzt1x5sl2ms35gx7qyw3w0000gn/T (java.io.tmpdir)
22:03:23.797 [firebase-database-worker] DEBUG io.netty.util.internal.PlatformDependent - -Dio.netty.bitMode: 64 (sun.arch.data.model)
22:03:23.798 [firebase-database-worker] DEBUG io.netty.util.internal.PlatformDependent - Platform: MacOS
22:03:23.799 [firebase-database-worker] DEBUG io.netty.util.internal.PlatformDependent - -Dio.netty.maxDirectMemory: -1 bytes
22:03:23.800 [firebase-database-worker] DEBUG io.netty.util.internal.PlatformDependent - -Dio.netty.uninitializedArrayAllocationThreshold: -1
22:03:23.800 [firebase-database-worker] DEBUG io.netty.util.internal.CleanerJava9 - java.nio.ByteBuffer.cleaner(): available
22:03:23.800 [firebase-database-worker] DEBUG io.netty.util.internal.PlatformDependent - -Dio.netty.noPreferDirect: false
22:03:23.834 [firebase-database-worker] DEBUG io.netty.channel.MultithreadEventLoopGroup - -Dio.netty.eventLoopThreads: 16
22:03:23.850 [firebase-database-worker] DEBUG io.netty.channel.nio.NioEventLoop - -Dio.netty.noKeySetOptimization: false
22:03:23.850 [firebase-database-worker] DEBUG io.netty.channel.nio.NioEventLoop - -Dio.netty.selectorAutoRebuildThreshold: 512
22:03:23.856 [firebase-database-worker] DEBUG io.netty.util.internal.PlatformDependent - org.jctools-core.MpscChunkedArrayQueue: available
22:03:23.860 [firebase-database-worker] DEBUG com.google.firebase.database.connection.Connection - [conn_0] Opening a connection
22:03:23.881 [firebase-database-worker] DEBUG io.netty.handler.ssl.OpenSsl - netty-tcnative not in the classpath; OpenSslEngine will be unavailable.
22:03:23.888 [firebase-database-worker] DEBUG io.netty.handler.ssl.JdkSslContext - Default protocols (JDK): [TLSv1.3, TLSv1.2] 
22:03:23.889 [firebase-database-worker] DEBUG io.netty.handler.ssl.JdkSslContext - Default cipher suites (JDK): [TLS_ECDHE_ECDSA_WITH_AES_256_GCM_SHA384, TLS_ECDHE_ECDSA_WITH_AES_128_GCM_SHA256, TLS_ECDHE_RSA_WITH_AES_128_GCM_SHA256, TLS_ECDHE_RSA_WITH_AES_256_GCM_SHA384, TLS_ECDHE_RSA_WITH_AES_128_CBC_SHA, TLS_ECDHE_RSA_WITH_AES_256_CBC_SHA, TLS_RSA_WITH_AES_128_GCM_SHA256, TLS_RSA_WITH_AES_128_CBC_SHA, TLS_RSA_WITH_AES_256_CBC_SHA, TLS_AES_128_GCM_SHA256, TLS_AES_256_GCM_SHA384]
22:03:23.923 [firebase-database-worker] DEBUG io.netty.channel.DefaultChannelId - -Dio.netty.processId: 63252 (auto-detected)
22:03:23.925 [firebase-database-worker] DEBUG io.netty.util.NetUtil - -Djava.net.preferIPv4Stack: false
22:03:23.925 [firebase-database-worker] DEBUG io.netty.util.NetUtil - -Djava.net.preferIPv6Addresses: false
22:03:23.926 [firebase-database-worker] DEBUG io.netty.util.NetUtilInitializations - Loopback interface: lo0 (lo0, 0:0:0:0:0:0:0:1%lo0)
22:03:23.927 [firebase-database-worker] DEBUG io.netty.util.NetUtil - Failed to get SOMAXCONN from sysctl and file /proc/sys/net/core/somaxconn. Default: 128
22:03:23.929 [firebase-database-worker] DEBUG io.netty.channel.DefaultChannelId - -Dio.netty.machineId: b0:be:83:ff:fe:40:bc:12 (auto-detected)
22:03:23.937 [firebase-database-worker] DEBUG io.netty.util.ResourceLeakDetector - -Dio.netty.leakDetection.level: simple
22:03:23.937 [firebase-database-worker] DEBUG io.netty.util.ResourceLeakDetector - -Dio.netty.leakDetection.targetRecords: 4
22:03:23.955 [firebase-database-worker] DEBUG io.netty.buffer.PooledByteBufAllocator - -Dio.netty.allocator.numHeapArenas: 16
22:03:23.955 [firebase-database-worker] DEBUG io.netty.buffer.PooledByteBufAllocator - -Dio.netty.allocator.numDirectArenas: 16
22:03:23.955 [firebase-database-worker] DEBUG io.netty.buffer.PooledByteBufAllocator - -Dio.netty.allocator.pageSize: 8192
22:03:23.955 [firebase-database-worker] DEBUG io.netty.buffer.PooledByteBufAllocator - -Dio.netty.allocator.maxOrder: 11
22:03:23.955 [firebase-database-worker] DEBUG io.netty.buffer.PooledByteBufAllocator - -Dio.netty.allocator.chunkSize: 16777216
22:03:23.955 [firebase-database-worker] DEBUG io.netty.buffer.PooledByteBufAllocator - -Dio.netty.allocator.smallCacheSize: 256
22:03:23.955 [firebase-database-worker] DEBUG io.netty.buffer.PooledByteBufAllocator - -Dio.netty.allocator.normalCacheSize: 64
22:03:23.955 [firebase-database-worker] DEBUG io.netty.buffer.PooledByteBufAllocator - -Dio.netty.allocator.maxCachedBufferCapacity: 32768
22:03:23.955 [firebase-database-worker] DEBUG io.netty.buffer.PooledByteBufAllocator - -Dio.netty.allocator.cacheTrimInterval: 8192
22:03:23.955 [firebase-database-worker] DEBUG io.netty.buffer.PooledByteBufAllocator - -Dio.netty.allocator.cacheTrimIntervalMillis: 0
22:03:23.955 [firebase-database-worker] DEBUG io.netty.buffer.PooledByteBufAllocator - -Dio.netty.allocator.useCacheForAllThreads: true
22:03:23.955 [firebase-database-worker] DEBUG io.netty.buffer.PooledByteBufAllocator - -Dio.netty.allocator.maxCachedByteBuffersPerChunk: 1023
22:03:23.967 [firebase-database-worker] DEBUG io.netty.buffer.ByteBufUtil - -Dio.netty.allocator.type: pooled
22:03:23.967 [firebase-database-worker] DEBUG io.netty.buffer.ByteBufUtil - -Dio.netty.threadLocalDirectBufferSize: 0
22:03:23.967 [firebase-database-worker] DEBUG io.netty.buffer.ByteBufUtil - -Dio.netty.maxThreadLocalCharBufferSize: 16384
22:03:24.015 [firebase-websocket-worker] DEBUG io.netty.buffer.AbstractByteBuf - -Dio.netty.buffer.checkAccessible: true
22:03:24.015 [firebase-websocket-worker] DEBUG io.netty.buffer.AbstractByteBuf - -Dio.netty.buffer.checkBounds: true
22:03:24.016 [firebase-websocket-worker] DEBUG io.netty.util.ResourceLeakDetectorFactory - Loaded default ResourceLeakDetector: io.netty.util.ResourceLeakDetector@1bf478ff
22:03:24.289 [firebase-websocket-worker] DEBUG io.netty.util.Recycler - -Dio.netty.recycler.maxCapacityPerThread: 4096
22:03:24.289 [firebase-websocket-worker] DEBUG io.netty.util.Recycler - -Dio.netty.recycler.maxSharedCapacityFactor: 2
22:03:24.289 [firebase-websocket-worker] DEBUG io.netty.util.Recycler - -Dio.netty.recycler.linkCapacity: 16
22:03:24.289 [firebase-websocket-worker] DEBUG io.netty.util.Recycler - -Dio.netty.recycler.ratio: 8
22:03:24.289 [firebase-websocket-worker] DEBUG io.netty.util.Recycler - -Dio.netty.recycler.delayedQueue.ratio: 8
22:03:24.323 [firebase-websocket-worker] DEBUG io.netty.handler.codec.http.websocketx.WebSocketClientHandshaker13 - WebSocket version 13 client handshake key: o5i6rv21CSkWy1GBo5HjPw==, expected response: C71180g9FMwtgLrQ0M5PtNYle9c=
]]></system-out>
  </testcase>
</testsuite>